     1                                  [bits 64]
     2                                  
     3                                  segment .text
     4                                  	; MakeIntHandler [어셈 함수 이름] [C 함수 이름] [인터럽트 번호] [에러 코드 유무]
     5                                  	%macro MakeIntHandler 4
     6                                  	[extern %2]
     7                                  	[global %1]
     8                                  	%1:
     9                                  		push rbp
    10                                  		push rax
    11                                  		push rbx
    12                                  		push rcx
    13                                  		push rdx
    14                                  		push rdi
    15                                  		push rsi
    16                                  		push r8
    17                                  		push r9
    18                                  		push r10
    19                                  		push r11
    20                                  		push r12
    21                                  		push r13
    22                                  		push r14
    23                                  		push r15
    24                                  
    25                                  		mov ax, ds
    26                                  		push ax
    27                                  		mov ax, es
    28                                  		push ax
    29                                  		push fs
    30                                  		push gs
    31                                  
    32                                  		mov ax, 2 * 8
    33                                  		mov dx, ax
    34                                  		mov es, ax
    35                                  		mov fs, ax
    36                                  		mov gs, ax
    37                                  
    38                                  		mov rdi, rsp
    39                                  		mov rsi, %3
    40                                  		call %2
    41                                  
    42                                  		pop gs
    43                                  		pop fs
    44                                  		pop ax
    45                                  		mov es, ax
    46                                  		pop ax
    47                                  		mov ds, ax
    48                                  
    49                                  		pop r15
    50                                  		pop r14
    51                                  		pop r13
    52                                  		pop r12
    53                                  		pop r11
    54                                  		pop r10
    55                                  		pop r9
    56                                  		pop r8
    57                                  		pop rsi
    58                                  		pop rdi
    59                                  		pop rdx
    60                                  		pop rcx
    61                                  		pop rbx
    62                                  		pop rax
    63                                  		pop rbp
    64                                  
    65                                  		%if %4 != 0
    66                                  		add rsp, 8
    67                                  		%endif
    68                                  
    69                                  		iretq
    70                                  	%endmacro
    71                                  
    72                                  ; exception handler
    73                                  MakeIntHandler IntHandler0x00, _DefaultHandler, 0x00, 0
    74                              <1>  [extern %2]
    75                              <1>  [global %1]
    76                              <1>  %1:
    77 00000000 55                  <1>  push rbp
    78 00000001 50                  <1>  push rax
    79 00000002 53                  <1>  push rbx
    80 00000003 51                  <1>  push rcx
    81 00000004 52                  <1>  push rdx
    82 00000005 57                  <1>  push rdi
    83 00000006 56                  <1>  push rsi
    84 00000007 4150                <1>  push r8
    85 00000009 4151                <1>  push r9
    86 0000000B 4152                <1>  push r10
    87 0000000D 4153                <1>  push r11
    88 0000000F 4154                <1>  push r12
    89 00000011 4155                <1>  push r13
    90 00000013 4156                <1>  push r14
    91 00000015 4157                <1>  push r15
    92                              <1> 
    93 00000017 668CD8              <1>  mov ax, ds
    94 0000001A 6650                <1>  push ax
    95 0000001C 668CC0              <1>  mov ax, es
    96 0000001F 6650                <1>  push ax
    97 00000021 0FA0                <1>  push fs
    98 00000023 0FA8                <1>  push gs
    99                              <1> 
   100 00000025 66B81000            <1>  mov ax, 2 * 8
   101 00000029 6689C2              <1>  mov dx, ax
   102 0000002C 8EC0                <1>  mov es, ax
   103 0000002E 8EE0                <1>  mov fs, ax
   104 00000030 8EE8                <1>  mov gs, ax
   105                              <1> 
   106 00000032 4889E7              <1>  mov rdi, rsp
   107 00000035 BE00000000          <1>  mov rsi, %3
   108 0000003A E8(00000000)        <1>  call %2
   109                              <1> 
   110 0000003F 0FA9                <1>  pop gs
   111 00000041 0FA1                <1>  pop fs
   112 00000043 6658                <1>  pop ax
   113 00000045 8EC0                <1>  mov es, ax
   114 00000047 6658                <1>  pop ax
   115 00000049 8ED8                <1>  mov ds, ax
   116                              <1> 
   117 0000004B 415F                <1>  pop r15
   118 0000004D 415E                <1>  pop r14
   119 0000004F 415D                <1>  pop r13
   120 00000051 415C                <1>  pop r12
   121 00000053 415B                <1>  pop r11
   122 00000055 415A                <1>  pop r10
   123 00000057 4159                <1>  pop r9
   124 00000059 4158                <1>  pop r8
   125 0000005B 5E                  <1>  pop rsi
   126 0000005C 5F                  <1>  pop rdi
   127 0000005D 5A                  <1>  pop rdx
   128 0000005E 59                  <1>  pop rcx
   129 0000005F 5B                  <1>  pop rbx
   130 00000060 58                  <1>  pop rax
   131 00000061 5D                  <1>  pop rbp
   132                              <1> 
   133                              <1>  %if %4 != 0
   134                              <1>  add rsp, 8
   135                              <1>  %endif
   136                              <1> 
   137 00000062 48CF                <1>  iretq
   138                                  MakeIntHandler IntHandler0x01, _DefaultHandler, 0x01, 0
   139                              <1>  [extern %2]
   140                              <1>  [global %1]
   141                              <1>  %1:
   142 00000064 55                  <1>  push rbp
   143 00000065 50                  <1>  push rax
   144 00000066 53                  <1>  push rbx
   145 00000067 51                  <1>  push rcx
   146 00000068 52                  <1>  push rdx
   147 00000069 57                  <1>  push rdi
   148 0000006A 56                  <1>  push rsi
   149 0000006B 4150                <1>  push r8
   150 0000006D 4151                <1>  push r9
   151 0000006F 4152                <1>  push r10
   152 00000071 4153                <1>  push r11
   153 00000073 4154                <1>  push r12
   154 00000075 4155                <1>  push r13
   155 00000077 4156                <1>  push r14
   156 00000079 4157                <1>  push r15
   157                              <1> 
   158 0000007B 668CD8              <1>  mov ax, ds
   159 0000007E 6650                <1>  push ax
   160 00000080 668CC0              <1>  mov ax, es
   161 00000083 6650                <1>  push ax
   162 00000085 0FA0                <1>  push fs
   163 00000087 0FA8                <1>  push gs
   164                              <1> 
   165 00000089 66B81000            <1>  mov ax, 2 * 8
   166 0000008D 6689C2              <1>  mov dx, ax
   167 00000090 8EC0                <1>  mov es, ax
   168 00000092 8EE0                <1>  mov fs, ax
   169 00000094 8EE8                <1>  mov gs, ax
   170                              <1> 
   171 00000096 4889E7              <1>  mov rdi, rsp
   172 00000099 BE01000000          <1>  mov rsi, %3
   173 0000009E E8(00000000)        <1>  call %2
   174                              <1> 
   175 000000A3 0FA9                <1>  pop gs
   176 000000A5 0FA1                <1>  pop fs
   177 000000A7 6658                <1>  pop ax
   178 000000A9 8EC0                <1>  mov es, ax
   179 000000AB 6658                <1>  pop ax
   180 000000AD 8ED8                <1>  mov ds, ax
   181                              <1> 
   182 000000AF 415F                <1>  pop r15
   183 000000B1 415E                <1>  pop r14
   184 000000B3 415D                <1>  pop r13
   185 000000B5 415C                <1>  pop r12
   186 000000B7 415B                <1>  pop r11
   187 000000B9 415A                <1>  pop r10
   188 000000BB 4159                <1>  pop r9
   189 000000BD 4158                <1>  pop r8
   190 000000BF 5E                  <1>  pop rsi
   191 000000C0 5F                  <1>  pop rdi
   192 000000C1 5A                  <1>  pop rdx
   193 000000C2 59                  <1>  pop rcx
   194 000000C3 5B                  <1>  pop rbx
   195 000000C4 58                  <1>  pop rax
   196 000000C5 5D                  <1>  pop rbp
   197                              <1> 
   198                              <1>  %if %4 != 0
   199                              <1>  add rsp, 8
   200                              <1>  %endif
   201                              <1> 
   202 000000C6 48CF                <1>  iretq
   203                                  MakeIntHandler IntHandler0x02, _DefaultHandler, 0x02, 0
   204                              <1>  [extern %2]
   205                              <1>  [global %1]
   206                              <1>  %1:
   207 000000C8 55                  <1>  push rbp
   208 000000C9 50                  <1>  push rax
   209 000000CA 53                  <1>  push rbx
   210 000000CB 51                  <1>  push rcx
   211 000000CC 52                  <1>  push rdx
   212 000000CD 57                  <1>  push rdi
   213 000000CE 56                  <1>  push rsi
   214 000000CF 4150                <1>  push r8
   215 000000D1 4151                <1>  push r9
   216 000000D3 4152                <1>  push r10
   217 000000D5 4153                <1>  push r11
   218 000000D7 4154                <1>  push r12
   219 000000D9 4155                <1>  push r13
   220 000000DB 4156                <1>  push r14
   221 000000DD 4157                <1>  push r15
   222                              <1> 
   223 000000DF 668CD8              <1>  mov ax, ds
   224 000000E2 6650                <1>  push ax
   225 000000E4 668CC0              <1>  mov ax, es
   226 000000E7 6650                <1>  push ax
   227 000000E9 0FA0                <1>  push fs
   228 000000EB 0FA8                <1>  push gs
   229                              <1> 
   230 000000ED 66B81000            <1>  mov ax, 2 * 8
   231 000000F1 6689C2              <1>  mov dx, ax
   232 000000F4 8EC0                <1>  mov es, ax
   233 000000F6 8EE0                <1>  mov fs, ax
   234 000000F8 8EE8                <1>  mov gs, ax
   235                              <1> 
   236 000000FA 4889E7              <1>  mov rdi, rsp
   237 000000FD BE02000000          <1>  mov rsi, %3
   238 00000102 E8(00000000)        <1>  call %2
   239                              <1> 
   240 00000107 0FA9                <1>  pop gs
   241 00000109 0FA1                <1>  pop fs
   242 0000010B 6658                <1>  pop ax
   243 0000010D 8EC0                <1>  mov es, ax
   244 0000010F 6658                <1>  pop ax
   245 00000111 8ED8                <1>  mov ds, ax
   246                              <1> 
   247 00000113 415F                <1>  pop r15
   248 00000115 415E                <1>  pop r14
   249 00000117 415D                <1>  pop r13
   250 00000119 415C                <1>  pop r12
   251 0000011B 415B                <1>  pop r11
   252 0000011D 415A                <1>  pop r10
   253 0000011F 4159                <1>  pop r9
   254 00000121 4158                <1>  pop r8
   255 00000123 5E                  <1>  pop rsi
   256 00000124 5F                  <1>  pop rdi
   257 00000125 5A                  <1>  pop rdx
   258 00000126 59                  <1>  pop rcx
   259 00000127 5B                  <1>  pop rbx
   260 00000128 58                  <1>  pop rax
   261 00000129 5D                  <1>  pop rbp
   262                              <1> 
   263                              <1>  %if %4 != 0
   264                              <1>  add rsp, 8
   265                              <1>  %endif
   266                              <1> 
   267 0000012A 48CF                <1>  iretq
   268                                  MakeIntHandler IntHandler0x03, _DefaultHandler, 0x03, 0
   269                              <1>  [extern %2]
   270                              <1>  [global %1]
   271                              <1>  %1:
   272 0000012C 55                  <1>  push rbp
   273 0000012D 50                  <1>  push rax
   274 0000012E 53                  <1>  push rbx
   275 0000012F 51                  <1>  push rcx
   276 00000130 52                  <1>  push rdx
   277 00000131 57                  <1>  push rdi
   278 00000132 56                  <1>  push rsi
   279 00000133 4150                <1>  push r8
   280 00000135 4151                <1>  push r9
   281 00000137 4152                <1>  push r10
   282 00000139 4153                <1>  push r11
   283 0000013B 4154                <1>  push r12
   284 0000013D 4155                <1>  push r13
   285 0000013F 4156                <1>  push r14
   286 00000141 4157                <1>  push r15
   287                              <1> 
   288 00000143 668CD8              <1>  mov ax, ds
   289 00000146 6650                <1>  push ax
   290 00000148 668CC0              <1>  mov ax, es
   291 0000014B 6650                <1>  push ax
   292 0000014D 0FA0                <1>  push fs
   293 0000014F 0FA8                <1>  push gs
   294                              <1> 
   295 00000151 66B81000            <1>  mov ax, 2 * 8
   296 00000155 6689C2              <1>  mov dx, ax
   297 00000158 8EC0                <1>  mov es, ax
   298 0000015A 8EE0                <1>  mov fs, ax
   299 0000015C 8EE8                <1>  mov gs, ax
   300                              <1> 
   301 0000015E 4889E7              <1>  mov rdi, rsp
   302 00000161 BE03000000          <1>  mov rsi, %3
   303 00000166 E8(00000000)        <1>  call %2
   304                              <1> 
   305 0000016B 0FA9                <1>  pop gs
   306 0000016D 0FA1                <1>  pop fs
   307 0000016F 6658                <1>  pop ax
   308 00000171 8EC0                <1>  mov es, ax
   309 00000173 6658                <1>  pop ax
   310 00000175 8ED8                <1>  mov ds, ax
   311                              <1> 
   312 00000177 415F                <1>  pop r15
   313 00000179 415E                <1>  pop r14
   314 0000017B 415D                <1>  pop r13
   315 0000017D 415C                <1>  pop r12
   316 0000017F 415B                <1>  pop r11
   317 00000181 415A                <1>  pop r10
   318 00000183 4159                <1>  pop r9
   319 00000185 4158                <1>  pop r8
   320 00000187 5E                  <1>  pop rsi
   321 00000188 5F                  <1>  pop rdi
   322 00000189 5A                  <1>  pop rdx
   323 0000018A 59                  <1>  pop rcx
   324 0000018B 5B                  <1>  pop rbx
   325 0000018C 58                  <1>  pop rax
   326 0000018D 5D                  <1>  pop rbp
   327                              <1> 
   328                              <1>  %if %4 != 0
   329                              <1>  add rsp, 8
   330                              <1>  %endif
   331                              <1> 
   332 0000018E 48CF                <1>  iretq
   333                                  MakeIntHandler IntHandler0x04, _DefaultHandler, 0x04, 0
   334                              <1>  [extern %2]
   335                              <1>  [global %1]
   336                              <1>  %1:
   337 00000190 55                  <1>  push rbp
   338 00000191 50                  <1>  push rax
   339 00000192 53                  <1>  push rbx
   340 00000193 51                  <1>  push rcx
   341 00000194 52                  <1>  push rdx
   342 00000195 57                  <1>  push rdi
   343 00000196 56                  <1>  push rsi
   344 00000197 4150                <1>  push r8
   345 00000199 4151                <1>  push r9
   346 0000019B 4152                <1>  push r10
   347 0000019D 4153                <1>  push r11
   348 0000019F 4154                <1>  push r12
   349 000001A1 4155                <1>  push r13
   350 000001A3 4156                <1>  push r14
   351 000001A5 4157                <1>  push r15
   352                              <1> 
   353 000001A7 668CD8              <1>  mov ax, ds
   354 000001AA 6650                <1>  push ax
   355 000001AC 668CC0              <1>  mov ax, es
   356 000001AF 6650                <1>  push ax
   357 000001B1 0FA0                <1>  push fs
   358 000001B3 0FA8                <1>  push gs
   359                              <1> 
   360 000001B5 66B81000            <1>  mov ax, 2 * 8
   361 000001B9 6689C2              <1>  mov dx, ax
   362 000001BC 8EC0                <1>  mov es, ax
   363 000001BE 8EE0                <1>  mov fs, ax
   364 000001C0 8EE8                <1>  mov gs, ax
   365                              <1> 
   366 000001C2 4889E7              <1>  mov rdi, rsp
   367 000001C5 BE04000000          <1>  mov rsi, %3
   368 000001CA E8(00000000)        <1>  call %2
   369                              <1> 
   370 000001CF 0FA9                <1>  pop gs
   371 000001D1 0FA1                <1>  pop fs
   372 000001D3 6658                <1>  pop ax
   373 000001D5 8EC0                <1>  mov es, ax
   374 000001D7 6658                <1>  pop ax
   375 000001D9 8ED8                <1>  mov ds, ax
   376                              <1> 
   377 000001DB 415F                <1>  pop r15
   378 000001DD 415E                <1>  pop r14
   379 000001DF 415D                <1>  pop r13
   380 000001E1 415C                <1>  pop r12
   381 000001E3 415B                <1>  pop r11
   382 000001E5 415A                <1>  pop r10
   383 000001E7 4159                <1>  pop r9
   384 000001E9 4158                <1>  pop r8
   385 000001EB 5E                  <1>  pop rsi
   386 000001EC 5F                  <1>  pop rdi
   387 000001ED 5A                  <1>  pop rdx
   388 000001EE 59                  <1>  pop rcx
   389 000001EF 5B                  <1>  pop rbx
   390 000001F0 58                  <1>  pop rax
   391 000001F1 5D                  <1>  pop rbp
   392                              <1> 
   393                              <1>  %if %4 != 0
   394                              <1>  add rsp, 8
   395                              <1>  %endif
   396                              <1> 
   397 000001F2 48CF                <1>  iretq
   398                                  MakeIntHandler IntHandler0x05, _DefaultHandler, 0x05, 0
   399                              <1>  [extern %2]
   400                              <1>  [global %1]
   401                              <1>  %1:
   402 000001F4 55                  <1>  push rbp
   403 000001F5 50                  <1>  push rax
   404 000001F6 53                  <1>  push rbx
   405 000001F7 51                  <1>  push rcx
   406 000001F8 52                  <1>  push rdx
   407 000001F9 57                  <1>  push rdi
   408 000001FA 56                  <1>  push rsi
   409 000001FB 4150                <1>  push r8
   410 000001FD 4151                <1>  push r9
   411 000001FF 4152                <1>  push r10
   412 00000201 4153                <1>  push r11
   413 00000203 4154                <1>  push r12
   414 00000205 4155                <1>  push r13
   415 00000207 4156                <1>  push r14
   416 00000209 4157                <1>  push r15
   417                              <1> 
   418 0000020B 668CD8              <1>  mov ax, ds
   419 0000020E 6650                <1>  push ax
   420 00000210 668CC0              <1>  mov ax, es
   421 00000213 6650                <1>  push ax
   422 00000215 0FA0                <1>  push fs
   423 00000217 0FA8                <1>  push gs
   424                              <1> 
   425 00000219 66B81000            <1>  mov ax, 2 * 8
   426 0000021D 6689C2              <1>  mov dx, ax
   427 00000220 8EC0                <1>  mov es, ax
   428 00000222 8EE0                <1>  mov fs, ax
   429 00000224 8EE8                <1>  mov gs, ax
   430                              <1> 
   431 00000226 4889E7              <1>  mov rdi, rsp
   432 00000229 BE05000000          <1>  mov rsi, %3
   433 0000022E E8(00000000)        <1>  call %2
   434                              <1> 
   435 00000233 0FA9                <1>  pop gs
   436 00000235 0FA1                <1>  pop fs
   437 00000237 6658                <1>  pop ax
   438 00000239 8EC0                <1>  mov es, ax
   439 0000023B 6658                <1>  pop ax
   440 0000023D 8ED8                <1>  mov ds, ax
   441                              <1> 
   442 0000023F 415F                <1>  pop r15
   443 00000241 415E                <1>  pop r14
   444 00000243 415D                <1>  pop r13
   445 00000245 415C                <1>  pop r12
   446 00000247 415B                <1>  pop r11
   447 00000249 415A                <1>  pop r10
   448 0000024B 4159                <1>  pop r9
   449 0000024D 4158                <1>  pop r8
   450 0000024F 5E                  <1>  pop rsi
   451 00000250 5F                  <1>  pop rdi
   452 00000251 5A                  <1>  pop rdx
   453 00000252 59                  <1>  pop rcx
   454 00000253 5B                  <1>  pop rbx
   455 00000254 58                  <1>  pop rax
   456 00000255 5D                  <1>  pop rbp
   457                              <1> 
   458                              <1>  %if %4 != 0
   459                              <1>  add rsp, 8
   460                              <1>  %endif
   461                              <1> 
   462 00000256 48CF                <1>  iretq
   463                                  MakeIntHandler IntHandler0x06, _DefaultHandler, 0x06, 0
   464                              <1>  [extern %2]
   465                              <1>  [global %1]
   466                              <1>  %1:
   467 00000258 55                  <1>  push rbp
   468 00000259 50                  <1>  push rax
   469 0000025A 53                  <1>  push rbx
   470 0000025B 51                  <1>  push rcx
   471 0000025C 52                  <1>  push rdx
   472 0000025D 57                  <1>  push rdi
   473 0000025E 56                  <1>  push rsi
   474 0000025F 4150                <1>  push r8
   475 00000261 4151                <1>  push r9
   476 00000263 4152                <1>  push r10
   477 00000265 4153                <1>  push r11
   478 00000267 4154                <1>  push r12
   479 00000269 4155                <1>  push r13
   480 0000026B 4156                <1>  push r14
   481 0000026D 4157                <1>  push r15
   482                              <1> 
   483 0000026F 668CD8              <1>  mov ax, ds
   484 00000272 6650                <1>  push ax
   485 00000274 668CC0              <1>  mov ax, es
   486 00000277 6650                <1>  push ax
   487 00000279 0FA0                <1>  push fs
   488 0000027B 0FA8                <1>  push gs
   489                              <1> 
   490 0000027D 66B81000            <1>  mov ax, 2 * 8
   491 00000281 6689C2              <1>  mov dx, ax
   492 00000284 8EC0                <1>  mov es, ax
   493 00000286 8EE0                <1>  mov fs, ax
   494 00000288 8EE8                <1>  mov gs, ax
   495                              <1> 
   496 0000028A 4889E7              <1>  mov rdi, rsp
   497 0000028D BE06000000          <1>  mov rsi, %3
   498 00000292 E8(00000000)        <1>  call %2
   499                              <1> 
   500 00000297 0FA9                <1>  pop gs
   501 00000299 0FA1                <1>  pop fs
   502 0000029B 6658                <1>  pop ax
   503 0000029D 8EC0                <1>  mov es, ax
   504 0000029F 6658                <1>  pop ax
   505 000002A1 8ED8                <1>  mov ds, ax
   506                              <1> 
   507 000002A3 415F                <1>  pop r15
   508 000002A5 415E                <1>  pop r14
   509 000002A7 415D                <1>  pop r13
   510 000002A9 415C                <1>  pop r12
   511 000002AB 415B                <1>  pop r11
   512 000002AD 415A                <1>  pop r10
   513 000002AF 4159                <1>  pop r9
   514 000002B1 4158                <1>  pop r8
   515 000002B3 5E                  <1>  pop rsi
   516 000002B4 5F                  <1>  pop rdi
   517 000002B5 5A                  <1>  pop rdx
   518 000002B6 59                  <1>  pop rcx
   519 000002B7 5B                  <1>  pop rbx
   520 000002B8 58                  <1>  pop rax
   521 000002B9 5D                  <1>  pop rbp
   522                              <1> 
   523                              <1>  %if %4 != 0
   524                              <1>  add rsp, 8
   525                              <1>  %endif
   526                              <1> 
   527 000002BA 48CF                <1>  iretq
   528                                  MakeIntHandler IntHandler0x07, _DefaultHandler, 0x07, 0
   529                              <1>  [extern %2]
   530                              <1>  [global %1]
   531                              <1>  %1:
   532 000002BC 55                  <1>  push rbp
   533 000002BD 50                  <1>  push rax
   534 000002BE 53                  <1>  push rbx
   535 000002BF 51                  <1>  push rcx
   536 000002C0 52                  <1>  push rdx
   537 000002C1 57                  <1>  push rdi
   538 000002C2 56                  <1>  push rsi
   539 000002C3 4150                <1>  push r8
   540 000002C5 4151                <1>  push r9
   541 000002C7 4152                <1>  push r10
   542 000002C9 4153                <1>  push r11
   543 000002CB 4154                <1>  push r12
   544 000002CD 4155                <1>  push r13
   545 000002CF 4156                <1>  push r14
   546 000002D1 4157                <1>  push r15
   547                              <1> 
   548 000002D3 668CD8              <1>  mov ax, ds
   549 000002D6 6650                <1>  push ax
   550 000002D8 668CC0              <1>  mov ax, es
   551 000002DB 6650                <1>  push ax
   552 000002DD 0FA0                <1>  push fs
   553 000002DF 0FA8                <1>  push gs
   554                              <1> 
   555 000002E1 66B81000            <1>  mov ax, 2 * 8
   556 000002E5 6689C2              <1>  mov dx, ax
   557 000002E8 8EC0                <1>  mov es, ax
   558 000002EA 8EE0                <1>  mov fs, ax
   559 000002EC 8EE8                <1>  mov gs, ax
   560                              <1> 
   561 000002EE 4889E7              <1>  mov rdi, rsp
   562 000002F1 BE07000000          <1>  mov rsi, %3
   563 000002F6 E8(00000000)        <1>  call %2
   564                              <1> 
   565 000002FB 0FA9                <1>  pop gs
   566 000002FD 0FA1                <1>  pop fs
   567 000002FF 6658                <1>  pop ax
   568 00000301 8EC0                <1>  mov es, ax
   569 00000303 6658                <1>  pop ax
   570 00000305 8ED8                <1>  mov ds, ax
   571                              <1> 
   572 00000307 415F                <1>  pop r15
   573 00000309 415E                <1>  pop r14
   574 0000030B 415D                <1>  pop r13
   575 0000030D 415C                <1>  pop r12
   576 0000030F 415B                <1>  pop r11
   577 00000311 415A                <1>  pop r10
   578 00000313 4159                <1>  pop r9
   579 00000315 4158                <1>  pop r8
   580 00000317 5E                  <1>  pop rsi
   581 00000318 5F                  <1>  pop rdi
   582 00000319 5A                  <1>  pop rdx
   583 0000031A 59                  <1>  pop rcx
   584 0000031B 5B                  <1>  pop rbx
   585 0000031C 58                  <1>  pop rax
   586 0000031D 5D                  <1>  pop rbp
   587                              <1> 
   588                              <1>  %if %4 != 0
   589                              <1>  add rsp, 8
   590                              <1>  %endif
   591                              <1> 
   592 0000031E 48CF                <1>  iretq
   593                                  MakeIntHandler IntHandler0x08, _DefaultHandler, 0x08, 1
   594                              <1>  [extern %2]
   595                              <1>  [global %1]
   596                              <1>  %1:
   597 00000320 55                  <1>  push rbp
   598 00000321 50                  <1>  push rax
   599 00000322 53                  <1>  push rbx
   600 00000323 51                  <1>  push rcx
   601 00000324 52                  <1>  push rdx
   602 00000325 57                  <1>  push rdi
   603 00000326 56                  <1>  push rsi
   604 00000327 4150                <1>  push r8
   605 00000329 4151                <1>  push r9
   606 0000032B 4152                <1>  push r10
   607 0000032D 4153                <1>  push r11
   608 0000032F 4154                <1>  push r12
   609 00000331 4155                <1>  push r13
   610 00000333 4156                <1>  push r14
   611 00000335 4157                <1>  push r15
   612                              <1> 
   613 00000337 668CD8              <1>  mov ax, ds
   614 0000033A 6650                <1>  push ax
   615 0000033C 668CC0              <1>  mov ax, es
   616 0000033F 6650                <1>  push ax
   617 00000341 0FA0                <1>  push fs
   618 00000343 0FA8                <1>  push gs
   619                              <1> 
   620 00000345 66B81000            <1>  mov ax, 2 * 8
   621 00000349 6689C2              <1>  mov dx, ax
   622 0000034C 8EC0                <1>  mov es, ax
   623 0000034E 8EE0                <1>  mov fs, ax
   624 00000350 8EE8                <1>  mov gs, ax
   625                              <1> 
   626 00000352 4889E7              <1>  mov rdi, rsp
   627 00000355 BE08000000          <1>  mov rsi, %3
   628 0000035A E8(00000000)        <1>  call %2
   629                              <1> 
   630 0000035F 0FA9                <1>  pop gs
   631 00000361 0FA1                <1>  pop fs
   632 00000363 6658                <1>  pop ax
   633 00000365 8EC0                <1>  mov es, ax
   634 00000367 6658                <1>  pop ax
   635 00000369 8ED8                <1>  mov ds, ax
   636                              <1> 
   637 0000036B 415F                <1>  pop r15
   638 0000036D 415E                <1>  pop r14
   639 0000036F 415D                <1>  pop r13
   640 00000371 415C                <1>  pop r12
   641 00000373 415B                <1>  pop r11
   642 00000375 415A                <1>  pop r10
   643 00000377 4159                <1>  pop r9
   644 00000379 4158                <1>  pop r8
   645 0000037B 5E                  <1>  pop rsi
   646 0000037C 5F                  <1>  pop rdi
   647 0000037D 5A                  <1>  pop rdx
   648 0000037E 59                  <1>  pop rcx
   649 0000037F 5B                  <1>  pop rbx
   650 00000380 58                  <1>  pop rax
   651 00000381 5D                  <1>  pop rbp
   652                              <1> 
   653                              <1>  %if %4 != 0
   654 00000382 4883C408            <1>  add rsp, 8
   655                              <1>  %endif
   656                              <1> 
   657 00000386 48CF                <1>  iretq
   658                                  MakeIntHandler IntHandler0x09, _DefaultHandler, 0x09, 0
   659                              <1>  [extern %2]
   660                              <1>  [global %1]
   661                              <1>  %1:
   662 00000388 55                  <1>  push rbp
   663 00000389 50                  <1>  push rax
   664 0000038A 53                  <1>  push rbx
   665 0000038B 51                  <1>  push rcx
   666 0000038C 52                  <1>  push rdx
   667 0000038D 57                  <1>  push rdi
   668 0000038E 56                  <1>  push rsi
   669 0000038F 4150                <1>  push r8
   670 00000391 4151                <1>  push r9
   671 00000393 4152                <1>  push r10
   672 00000395 4153                <1>  push r11
   673 00000397 4154                <1>  push r12
   674 00000399 4155                <1>  push r13
   675 0000039B 4156                <1>  push r14
   676 0000039D 4157                <1>  push r15
   677                              <1> 
   678 0000039F 668CD8              <1>  mov ax, ds
   679 000003A2 6650                <1>  push ax
   680 000003A4 668CC0              <1>  mov ax, es
   681 000003A7 6650                <1>  push ax
   682 000003A9 0FA0                <1>  push fs
   683 000003AB 0FA8                <1>  push gs
   684                              <1> 
   685 000003AD 66B81000            <1>  mov ax, 2 * 8
   686 000003B1 6689C2              <1>  mov dx, ax
   687 000003B4 8EC0                <1>  mov es, ax
   688 000003B6 8EE0                <1>  mov fs, ax
   689 000003B8 8EE8                <1>  mov gs, ax
   690                              <1> 
   691 000003BA 4889E7              <1>  mov rdi, rsp
   692 000003BD BE09000000          <1>  mov rsi, %3
   693 000003C2 E8(00000000)        <1>  call %2
   694                              <1> 
   695 000003C7 0FA9                <1>  pop gs
   696 000003C9 0FA1                <1>  pop fs
   697 000003CB 6658                <1>  pop ax
   698 000003CD 8EC0                <1>  mov es, ax
   699 000003CF 6658                <1>  pop ax
   700 000003D1 8ED8                <1>  mov ds, ax
   701                              <1> 
   702 000003D3 415F                <1>  pop r15
   703 000003D5 415E                <1>  pop r14
   704 000003D7 415D                <1>  pop r13
   705 000003D9 415C                <1>  pop r12
   706 000003DB 415B                <1>  pop r11
   707 000003DD 415A                <1>  pop r10
   708 000003DF 4159                <1>  pop r9
   709 000003E1 4158                <1>  pop r8
   710 000003E3 5E                  <1>  pop rsi
   711 000003E4 5F                  <1>  pop rdi
   712 000003E5 5A                  <1>  pop rdx
   713 000003E6 59                  <1>  pop rcx
   714 000003E7 5B                  <1>  pop rbx
   715 000003E8 58                  <1>  pop rax
   716 000003E9 5D                  <1>  pop rbp
   717                              <1> 
   718                              <1>  %if %4 != 0
   719                              <1>  add rsp, 8
   720                              <1>  %endif
   721                              <1> 
   722 000003EA 48CF                <1>  iretq
   723                                  MakeIntHandler IntHandler0x0a, _DefaultHandler, 0x0a, 1
   724                              <1>  [extern %2]
   725                              <1>  [global %1]
   726                              <1>  %1:
   727 000003EC 55                  <1>  push rbp
   728 000003ED 50                  <1>  push rax
   729 000003EE 53                  <1>  push rbx
   730 000003EF 51                  <1>  push rcx
   731 000003F0 52                  <1>  push rdx
   732 000003F1 57                  <1>  push rdi
   733 000003F2 56                  <1>  push rsi
   734 000003F3 4150                <1>  push r8
   735 000003F5 4151                <1>  push r9
   736 000003F7 4152                <1>  push r10
   737 000003F9 4153                <1>  push r11
   738 000003FB 4154                <1>  push r12
   739 000003FD 4155                <1>  push r13
   740 000003FF 4156                <1>  push r14
   741 00000401 4157                <1>  push r15
   742                              <1> 
   743 00000403 668CD8              <1>  mov ax, ds
   744 00000406 6650                <1>  push ax
   745 00000408 668CC0              <1>  mov ax, es
   746 0000040B 6650                <1>  push ax
   747 0000040D 0FA0                <1>  push fs
   748 0000040F 0FA8                <1>  push gs
   749                              <1> 
   750 00000411 66B81000            <1>  mov ax, 2 * 8
   751 00000415 6689C2              <1>  mov dx, ax
   752 00000418 8EC0                <1>  mov es, ax
   753 0000041A 8EE0                <1>  mov fs, ax
   754 0000041C 8EE8                <1>  mov gs, ax
   755                              <1> 
   756 0000041E 4889E7              <1>  mov rdi, rsp
   757 00000421 BE0A000000          <1>  mov rsi, %3
   758 00000426 E8(00000000)        <1>  call %2
   759                              <1> 
   760 0000042B 0FA9                <1>  pop gs
   761 0000042D 0FA1                <1>  pop fs
   762 0000042F 6658                <1>  pop ax
   763 00000431 8EC0                <1>  mov es, ax
   764 00000433 6658                <1>  pop ax
   765 00000435 8ED8                <1>  mov ds, ax
   766                              <1> 
   767 00000437 415F                <1>  pop r15
   768 00000439 415E                <1>  pop r14
   769 0000043B 415D                <1>  pop r13
   770 0000043D 415C                <1>  pop r12
   771 0000043F 415B                <1>  pop r11
   772 00000441 415A                <1>  pop r10
   773 00000443 4159                <1>  pop r9
   774 00000445 4158                <1>  pop r8
   775 00000447 5E                  <1>  pop rsi
   776 00000448 5F                  <1>  pop rdi
   777 00000449 5A                  <1>  pop rdx
   778 0000044A 59                  <1>  pop rcx
   779 0000044B 5B                  <1>  pop rbx
   780 0000044C 58                  <1>  pop rax
   781 0000044D 5D                  <1>  pop rbp
   782                              <1> 
   783                              <1>  %if %4 != 0
   784 0000044E 4883C408            <1>  add rsp, 8
   785                              <1>  %endif
   786                              <1> 
   787 00000452 48CF                <1>  iretq
   788                                  MakeIntHandler IntHandler0x0b, _DefaultHandler, 0x0b, 1
   789                              <1>  [extern %2]
   790                              <1>  [global %1]
   791                              <1>  %1:
   792 00000454 55                  <1>  push rbp
   793 00000455 50                  <1>  push rax
   794 00000456 53                  <1>  push rbx
   795 00000457 51                  <1>  push rcx
   796 00000458 52                  <1>  push rdx
   797 00000459 57                  <1>  push rdi
   798 0000045A 56                  <1>  push rsi
   799 0000045B 4150                <1>  push r8
   800 0000045D 4151                <1>  push r9
   801 0000045F 4152                <1>  push r10
   802 00000461 4153                <1>  push r11
   803 00000463 4154                <1>  push r12
   804 00000465 4155                <1>  push r13
   805 00000467 4156                <1>  push r14
   806 00000469 4157                <1>  push r15
   807                              <1> 
   808 0000046B 668CD8              <1>  mov ax, ds
   809 0000046E 6650                <1>  push ax
   810 00000470 668CC0              <1>  mov ax, es
   811 00000473 6650                <1>  push ax
   812 00000475 0FA0                <1>  push fs
   813 00000477 0FA8                <1>  push gs
   814                              <1> 
   815 00000479 66B81000            <1>  mov ax, 2 * 8
   816 0000047D 6689C2              <1>  mov dx, ax
   817 00000480 8EC0                <1>  mov es, ax
   818 00000482 8EE0                <1>  mov fs, ax
   819 00000484 8EE8                <1>  mov gs, ax
   820                              <1> 
   821 00000486 4889E7              <1>  mov rdi, rsp
   822 00000489 BE0B000000          <1>  mov rsi, %3
   823 0000048E E8(00000000)        <1>  call %2
   824                              <1> 
   825 00000493 0FA9                <1>  pop gs
   826 00000495 0FA1                <1>  pop fs
   827 00000497 6658                <1>  pop ax
   828 00000499 8EC0                <1>  mov es, ax
   829 0000049B 6658                <1>  pop ax
   830 0000049D 8ED8                <1>  mov ds, ax
   831                              <1> 
   832 0000049F 415F                <1>  pop r15
   833 000004A1 415E                <1>  pop r14
   834 000004A3 415D                <1>  pop r13
   835 000004A5 415C                <1>  pop r12
   836 000004A7 415B                <1>  pop r11
   837 000004A9 415A                <1>  pop r10
   838 000004AB 4159                <1>  pop r9
   839 000004AD 4158                <1>  pop r8
   840 000004AF 5E                  <1>  pop rsi
   841 000004B0 5F                  <1>  pop rdi
   842 000004B1 5A                  <1>  pop rdx
   843 000004B2 59                  <1>  pop rcx
   844 000004B3 5B                  <1>  pop rbx
   845 000004B4 58                  <1>  pop rax
   846 000004B5 5D                  <1>  pop rbp
   847                              <1> 
   848                              <1>  %if %4 != 0
   849 000004B6 4883C408            <1>  add rsp, 8
   850                              <1>  %endif
   851                              <1> 
   852 000004BA 48CF                <1>  iretq
   853                                  MakeIntHandler IntHandler0x0c, _DefaultHandler, 0x0c, 1
   854                              <1>  [extern %2]
   855                              <1>  [global %1]
   856                              <1>  %1:
   857 000004BC 55                  <1>  push rbp
   858 000004BD 50                  <1>  push rax
   859 000004BE 53                  <1>  push rbx
   860 000004BF 51                  <1>  push rcx
   861 000004C0 52                  <1>  push rdx
   862 000004C1 57                  <1>  push rdi
   863 000004C2 56                  <1>  push rsi
   864 000004C3 4150                <1>  push r8
   865 000004C5 4151                <1>  push r9
   866 000004C7 4152                <1>  push r10
   867 000004C9 4153                <1>  push r11
   868 000004CB 4154                <1>  push r12
   869 000004CD 4155                <1>  push r13
   870 000004CF 4156                <1>  push r14
   871 000004D1 4157                <1>  push r15
   872                              <1> 
   873 000004D3 668CD8              <1>  mov ax, ds
   874 000004D6 6650                <1>  push ax
   875 000004D8 668CC0              <1>  mov ax, es
   876 000004DB 6650                <1>  push ax
   877 000004DD 0FA0                <1>  push fs
   878 000004DF 0FA8                <1>  push gs
   879                              <1> 
   880 000004E1 66B81000            <1>  mov ax, 2 * 8
   881 000004E5 6689C2              <1>  mov dx, ax
   882 000004E8 8EC0                <1>  mov es, ax
   883 000004EA 8EE0                <1>  mov fs, ax
   884 000004EC 8EE8                <1>  mov gs, ax
   885                              <1> 
   886 000004EE 4889E7              <1>  mov rdi, rsp
   887 000004F1 BE0C000000          <1>  mov rsi, %3
   888 000004F6 E8(00000000)        <1>  call %2
   889                              <1> 
   890 000004FB 0FA9                <1>  pop gs
   891 000004FD 0FA1                <1>  pop fs
   892 000004FF 6658                <1>  pop ax
   893 00000501 8EC0                <1>  mov es, ax
   894 00000503 6658                <1>  pop ax
   895 00000505 8ED8                <1>  mov ds, ax
   896                              <1> 
   897 00000507 415F                <1>  pop r15
   898 00000509 415E                <1>  pop r14
   899 0000050B 415D                <1>  pop r13
   900 0000050D 415C                <1>  pop r12
   901 0000050F 415B                <1>  pop r11
   902 00000511 415A                <1>  pop r10
   903 00000513 4159                <1>  pop r9
   904 00000515 4158                <1>  pop r8
   905 00000517 5E                  <1>  pop rsi
   906 00000518 5F                  <1>  pop rdi
   907 00000519 5A                  <1>  pop rdx
   908 0000051A 59                  <1>  pop rcx
   909 0000051B 5B                  <1>  pop rbx
   910 0000051C 58                  <1>  pop rax
   911 0000051D 5D                  <1>  pop rbp
   912                              <1> 
   913                              <1>  %if %4 != 0
   914 0000051E 4883C408            <1>  add rsp, 8
   915                              <1>  %endif
   916                              <1> 
   917 00000522 48CF                <1>  iretq
   918                                  MakeIntHandler IntHandler0x0d, _DefaultHandler, 0x0d, 1
   919                              <1>  [extern %2]
   920                              <1>  [global %1]
   921                              <1>  %1:
   922 00000524 55                  <1>  push rbp
   923 00000525 50                  <1>  push rax
   924 00000526 53                  <1>  push rbx
   925 00000527 51                  <1>  push rcx
   926 00000528 52                  <1>  push rdx
   927 00000529 57                  <1>  push rdi
   928 0000052A 56                  <1>  push rsi
   929 0000052B 4150                <1>  push r8
   930 0000052D 4151                <1>  push r9
   931 0000052F 4152                <1>  push r10
   932 00000531 4153                <1>  push r11
   933 00000533 4154                <1>  push r12
   934 00000535 4155                <1>  push r13
   935 00000537 4156                <1>  push r14
   936 00000539 4157                <1>  push r15
   937                              <1> 
   938 0000053B 668CD8              <1>  mov ax, ds
   939 0000053E 6650                <1>  push ax
   940 00000540 668CC0              <1>  mov ax, es
   941 00000543 6650                <1>  push ax
   942 00000545 0FA0                <1>  push fs
   943 00000547 0FA8                <1>  push gs
   944                              <1> 
   945 00000549 66B81000            <1>  mov ax, 2 * 8
   946 0000054D 6689C2              <1>  mov dx, ax
   947 00000550 8EC0                <1>  mov es, ax
   948 00000552 8EE0                <1>  mov fs, ax
   949 00000554 8EE8                <1>  mov gs, ax
   950                              <1> 
   951 00000556 4889E7              <1>  mov rdi, rsp
   952 00000559 BE0D000000          <1>  mov rsi, %3
   953 0000055E E8(00000000)        <1>  call %2
   954                              <1> 
   955 00000563 0FA9                <1>  pop gs
   956 00000565 0FA1                <1>  pop fs
   957 00000567 6658                <1>  pop ax
   958 00000569 8EC0                <1>  mov es, ax
   959 0000056B 6658                <1>  pop ax
   960 0000056D 8ED8                <1>  mov ds, ax
   961                              <1> 
   962 0000056F 415F                <1>  pop r15
   963 00000571 415E                <1>  pop r14
   964 00000573 415D                <1>  pop r13
   965 00000575 415C                <1>  pop r12
   966 00000577 415B                <1>  pop r11
   967 00000579 415A                <1>  pop r10
   968 0000057B 4159                <1>  pop r9
   969 0000057D 4158                <1>  pop r8
   970 0000057F 5E                  <1>  pop rsi
   971 00000580 5F                  <1>  pop rdi
   972 00000581 5A                  <1>  pop rdx
   973 00000582 59                  <1>  pop rcx
   974 00000583 5B                  <1>  pop rbx
   975 00000584 58                  <1>  pop rax
   976 00000585 5D                  <1>  pop rbp
   977                              <1> 
   978                              <1>  %if %4 != 0
   979 00000586 4883C408            <1>  add rsp, 8
   980                              <1>  %endif
   981                              <1> 
   982 0000058A 48CF                <1>  iretq
   983                                  MakeIntHandler IntHandler0x0e, _DefaultHandler, 0x0e, 1
   984                              <1>  [extern %2]
   985                              <1>  [global %1]
   986                              <1>  %1:
   987 0000058C 55                  <1>  push rbp
   988 0000058D 50                  <1>  push rax
   989 0000058E 53                  <1>  push rbx
   990 0000058F 51                  <1>  push rcx
   991 00000590 52                  <1>  push rdx
   992 00000591 57                  <1>  push rdi
   993 00000592 56                  <1>  push rsi
   994 00000593 4150                <1>  push r8
   995 00000595 4151                <1>  push r9
   996 00000597 4152                <1>  push r10
   997 00000599 4153                <1>  push r11
   998 0000059B 4154                <1>  push r12
   999 0000059D 4155                <1>  push r13
  1000 0000059F 4156                <1>  push r14
  1001 000005A1 4157                <1>  push r15
  1002                              <1> 
  1003 000005A3 668CD8              <1>  mov ax, ds
  1004 000005A6 6650                <1>  push ax
  1005 000005A8 668CC0              <1>  mov ax, es
  1006 000005AB 6650                <1>  push ax
  1007 000005AD 0FA0                <1>  push fs
  1008 000005AF 0FA8                <1>  push gs
  1009                              <1> 
  1010 000005B1 66B81000            <1>  mov ax, 2 * 8
  1011 000005B5 6689C2              <1>  mov dx, ax
  1012 000005B8 8EC0                <1>  mov es, ax
  1013 000005BA 8EE0                <1>  mov fs, ax
  1014 000005BC 8EE8                <1>  mov gs, ax
  1015                              <1> 
  1016 000005BE 4889E7              <1>  mov rdi, rsp
  1017 000005C1 BE0E000000          <1>  mov rsi, %3
  1018 000005C6 E8(00000000)        <1>  call %2
  1019                              <1> 
  1020 000005CB 0FA9                <1>  pop gs
  1021 000005CD 0FA1                <1>  pop fs
  1022 000005CF 6658                <1>  pop ax
  1023 000005D1 8EC0                <1>  mov es, ax
  1024 000005D3 6658                <1>  pop ax
  1025 000005D5 8ED8                <1>  mov ds, ax
  1026                              <1> 
  1027 000005D7 415F                <1>  pop r15
  1028 000005D9 415E                <1>  pop r14
  1029 000005DB 415D                <1>  pop r13
  1030 000005DD 415C                <1>  pop r12
  1031 000005DF 415B                <1>  pop r11
  1032 000005E1 415A                <1>  pop r10
  1033 000005E3 4159                <1>  pop r9
  1034 000005E5 4158                <1>  pop r8
  1035 000005E7 5E                  <1>  pop rsi
  1036 000005E8 5F                  <1>  pop rdi
  1037 000005E9 5A                  <1>  pop rdx
  1038 000005EA 59                  <1>  pop rcx
  1039 000005EB 5B                  <1>  pop rbx
  1040 000005EC 58                  <1>  pop rax
  1041 000005ED 5D                  <1>  pop rbp
  1042                              <1> 
  1043                              <1>  %if %4 != 0
  1044 000005EE 4883C408            <1>  add rsp, 8
  1045                              <1>  %endif
  1046                              <1> 
  1047 000005F2 48CF                <1>  iretq
  1048                                  MakeIntHandler IntHandler0x0f, _DefaultHandler, 0x0f, 0
  1049                              <1>  [extern %2]
  1050                              <1>  [global %1]
  1051                              <1>  %1:
  1052 000005F4 55                  <1>  push rbp
  1053 000005F5 50                  <1>  push rax
  1054 000005F6 53                  <1>  push rbx
  1055 000005F7 51                  <1>  push rcx
  1056 000005F8 52                  <1>  push rdx
  1057 000005F9 57                  <1>  push rdi
  1058 000005FA 56                  <1>  push rsi
  1059 000005FB 4150                <1>  push r8
  1060 000005FD 4151                <1>  push r9
  1061 000005FF 4152                <1>  push r10
  1062 00000601 4153                <1>  push r11
  1063 00000603 4154                <1>  push r12
  1064 00000605 4155                <1>  push r13
  1065 00000607 4156                <1>  push r14
  1066 00000609 4157                <1>  push r15
  1067                              <1> 
  1068 0000060B 668CD8              <1>  mov ax, ds
  1069 0000060E 6650                <1>  push ax
  1070 00000610 668CC0              <1>  mov ax, es
  1071 00000613 6650                <1>  push ax
  1072 00000615 0FA0                <1>  push fs
  1073 00000617 0FA8                <1>  push gs
  1074                              <1> 
  1075 00000619 66B81000            <1>  mov ax, 2 * 8
  1076 0000061D 6689C2              <1>  mov dx, ax
  1077 00000620 8EC0                <1>  mov es, ax
  1078 00000622 8EE0                <1>  mov fs, ax
  1079 00000624 8EE8                <1>  mov gs, ax
  1080                              <1> 
  1081 00000626 4889E7              <1>  mov rdi, rsp
  1082 00000629 BE0F000000          <1>  mov rsi, %3
  1083 0000062E E8(00000000)        <1>  call %2
  1084                              <1> 
  1085 00000633 0FA9                <1>  pop gs
  1086 00000635 0FA1                <1>  pop fs
  1087 00000637 6658                <1>  pop ax
  1088 00000639 8EC0                <1>  mov es, ax
  1089 0000063B 6658                <1>  pop ax
  1090 0000063D 8ED8                <1>  mov ds, ax
  1091                              <1> 
  1092 0000063F 415F                <1>  pop r15
  1093 00000641 415E                <1>  pop r14
  1094 00000643 415D                <1>  pop r13
  1095 00000645 415C                <1>  pop r12
  1096 00000647 415B                <1>  pop r11
  1097 00000649 415A                <1>  pop r10
  1098 0000064B 4159                <1>  pop r9
  1099 0000064D 4158                <1>  pop r8
  1100 0000064F 5E                  <1>  pop rsi
  1101 00000650 5F                  <1>  pop rdi
  1102 00000651 5A                  <1>  pop rdx
  1103 00000652 59                  <1>  pop rcx
  1104 00000653 5B                  <1>  pop rbx
  1105 00000654 58                  <1>  pop rax
  1106 00000655 5D                  <1>  pop rbp
  1107                              <1> 
  1108                              <1>  %if %4 != 0
  1109                              <1>  add rsp, 8
  1110                              <1>  %endif
  1111                              <1> 
  1112 00000656 48CF                <1>  iretq
  1113                                  MakeIntHandler IntHandler0x10, _DefaultHandler, 0x10, 0
  1114                              <1>  [extern %2]
  1115                              <1>  [global %1]
  1116                              <1>  %1:
  1117 00000658 55                  <1>  push rbp
  1118 00000659 50                  <1>  push rax
  1119 0000065A 53                  <1>  push rbx
  1120 0000065B 51                  <1>  push rcx
  1121 0000065C 52                  <1>  push rdx
  1122 0000065D 57                  <1>  push rdi
  1123 0000065E 56                  <1>  push rsi
  1124 0000065F 4150                <1>  push r8
  1125 00000661 4151                <1>  push r9
  1126 00000663 4152                <1>  push r10
  1127 00000665 4153                <1>  push r11
  1128 00000667 4154                <1>  push r12
  1129 00000669 4155                <1>  push r13
  1130 0000066B 4156                <1>  push r14
  1131 0000066D 4157                <1>  push r15
  1132                              <1> 
  1133 0000066F 668CD8              <1>  mov ax, ds
  1134 00000672 6650                <1>  push ax
  1135 00000674 668CC0              <1>  mov ax, es
  1136 00000677 6650                <1>  push ax
  1137 00000679 0FA0                <1>  push fs
  1138 0000067B 0FA8                <1>  push gs
  1139                              <1> 
  1140 0000067D 66B81000            <1>  mov ax, 2 * 8
  1141 00000681 6689C2              <1>  mov dx, ax
  1142 00000684 8EC0                <1>  mov es, ax
  1143 00000686 8EE0                <1>  mov fs, ax
  1144 00000688 8EE8                <1>  mov gs, ax
  1145                              <1> 
  1146 0000068A 4889E7              <1>  mov rdi, rsp
  1147 0000068D BE10000000          <1>  mov rsi, %3
  1148 00000692 E8(00000000)        <1>  call %2
  1149                              <1> 
  1150 00000697 0FA9                <1>  pop gs
  1151 00000699 0FA1                <1>  pop fs
  1152 0000069B 6658                <1>  pop ax
  1153 0000069D 8EC0                <1>  mov es, ax
  1154 0000069F 6658                <1>  pop ax
  1155 000006A1 8ED8                <1>  mov ds, ax
  1156                              <1> 
  1157 000006A3 415F                <1>  pop r15
  1158 000006A5 415E                <1>  pop r14
  1159 000006A7 415D                <1>  pop r13
  1160 000006A9 415C                <1>  pop r12
  1161 000006AB 415B                <1>  pop r11
  1162 000006AD 415A                <1>  pop r10
  1163 000006AF 4159                <1>  pop r9
  1164 000006B1 4158                <1>  pop r8
  1165 000006B3 5E                  <1>  pop rsi
  1166 000006B4 5F                  <1>  pop rdi
  1167 000006B5 5A                  <1>  pop rdx
  1168 000006B6 59                  <1>  pop rcx
  1169 000006B7 5B                  <1>  pop rbx
  1170 000006B8 58                  <1>  pop rax
  1171 000006B9 5D                  <1>  pop rbp
  1172                              <1> 
  1173                              <1>  %if %4 != 0
  1174                              <1>  add rsp, 8
  1175                              <1>  %endif
  1176                              <1> 
  1177 000006BA 48CF                <1>  iretq
  1178                                  MakeIntHandler IntHandler0x11, _DefaultHandler, 0x11, 1
  1179                              <1>  [extern %2]
  1180                              <1>  [global %1]
  1181                              <1>  %1:
  1182 000006BC 55                  <1>  push rbp
  1183 000006BD 50                  <1>  push rax
  1184 000006BE 53                  <1>  push rbx
  1185 000006BF 51                  <1>  push rcx
  1186 000006C0 52                  <1>  push rdx
  1187 000006C1 57                  <1>  push rdi
  1188 000006C2 56                  <1>  push rsi
  1189 000006C3 4150                <1>  push r8
  1190 000006C5 4151                <1>  push r9
  1191 000006C7 4152                <1>  push r10
  1192 000006C9 4153                <1>  push r11
  1193 000006CB 4154                <1>  push r12
  1194 000006CD 4155                <1>  push r13
  1195 000006CF 4156                <1>  push r14
  1196 000006D1 4157                <1>  push r15
  1197                              <1> 
  1198 000006D3 668CD8              <1>  mov ax, ds
  1199 000006D6 6650                <1>  push ax
  1200 000006D8 668CC0              <1>  mov ax, es
  1201 000006DB 6650                <1>  push ax
  1202 000006DD 0FA0                <1>  push fs
  1203 000006DF 0FA8                <1>  push gs
  1204                              <1> 
  1205 000006E1 66B81000            <1>  mov ax, 2 * 8
  1206 000006E5 6689C2              <1>  mov dx, ax
  1207 000006E8 8EC0                <1>  mov es, ax
  1208 000006EA 8EE0                <1>  mov fs, ax
  1209 000006EC 8EE8                <1>  mov gs, ax
  1210                              <1> 
  1211 000006EE 4889E7              <1>  mov rdi, rsp
  1212 000006F1 BE11000000          <1>  mov rsi, %3
  1213 000006F6 E8(00000000)        <1>  call %2
  1214                              <1> 
  1215 000006FB 0FA9                <1>  pop gs
  1216 000006FD 0FA1                <1>  pop fs
  1217 000006FF 6658                <1>  pop ax
  1218 00000701 8EC0                <1>  mov es, ax
  1219 00000703 6658                <1>  pop ax
  1220 00000705 8ED8                <1>  mov ds, ax
  1221                              <1> 
  1222 00000707 415F                <1>  pop r15
  1223 00000709 415E                <1>  pop r14
  1224 0000070B 415D                <1>  pop r13
  1225 0000070D 415C                <1>  pop r12
  1226 0000070F 415B                <1>  pop r11
  1227 00000711 415A                <1>  pop r10
  1228 00000713 4159                <1>  pop r9
  1229 00000715 4158                <1>  pop r8
  1230 00000717 5E                  <1>  pop rsi
  1231 00000718 5F                  <1>  pop rdi
  1232 00000719 5A                  <1>  pop rdx
  1233 0000071A 59                  <1>  pop rcx
  1234 0000071B 5B                  <1>  pop rbx
  1235 0000071C 58                  <1>  pop rax
  1236 0000071D 5D                  <1>  pop rbp
  1237                              <1> 
  1238                              <1>  %if %4 != 0
  1239 0000071E 4883C408            <1>  add rsp, 8
  1240                              <1>  %endif
  1241                              <1> 
  1242 00000722 48CF                <1>  iretq
  1243                                  MakeIntHandler IntHandler0x12, _DefaultHandler, 0x12, 0
  1244                              <1>  [extern %2]
  1245                              <1>  [global %1]
  1246                              <1>  %1:
  1247 00000724 55                  <1>  push rbp
  1248 00000725 50                  <1>  push rax
  1249 00000726 53                  <1>  push rbx
  1250 00000727 51                  <1>  push rcx
  1251 00000728 52                  <1>  push rdx
  1252 00000729 57                  <1>  push rdi
  1253 0000072A 56                  <1>  push rsi
  1254 0000072B 4150                <1>  push r8
  1255 0000072D 4151                <1>  push r9
  1256 0000072F 4152                <1>  push r10
  1257 00000731 4153                <1>  push r11
  1258 00000733 4154                <1>  push r12
  1259 00000735 4155                <1>  push r13
  1260 00000737 4156                <1>  push r14
  1261 00000739 4157                <1>  push r15
  1262                              <1> 
  1263 0000073B 668CD8              <1>  mov ax, ds
  1264 0000073E 6650                <1>  push ax
  1265 00000740 668CC0              <1>  mov ax, es
  1266 00000743 6650                <1>  push ax
  1267 00000745 0FA0                <1>  push fs
  1268 00000747 0FA8                <1>  push gs
  1269                              <1> 
  1270 00000749 66B81000            <1>  mov ax, 2 * 8
  1271 0000074D 6689C2              <1>  mov dx, ax
  1272 00000750 8EC0                <1>  mov es, ax
  1273 00000752 8EE0                <1>  mov fs, ax
  1274 00000754 8EE8                <1>  mov gs, ax
  1275                              <1> 
  1276 00000756 4889E7              <1>  mov rdi, rsp
  1277 00000759 BE12000000          <1>  mov rsi, %3
  1278 0000075E E8(00000000)        <1>  call %2
  1279                              <1> 
  1280 00000763 0FA9                <1>  pop gs
  1281 00000765 0FA1                <1>  pop fs
  1282 00000767 6658                <1>  pop ax
  1283 00000769 8EC0                <1>  mov es, ax
  1284 0000076B 6658                <1>  pop ax
  1285 0000076D 8ED8                <1>  mov ds, ax
  1286                              <1> 
  1287 0000076F 415F                <1>  pop r15
  1288 00000771 415E                <1>  pop r14
  1289 00000773 415D                <1>  pop r13
  1290 00000775 415C                <1>  pop r12
  1291 00000777 415B                <1>  pop r11
  1292 00000779 415A                <1>  pop r10
  1293 0000077B 4159                <1>  pop r9
  1294 0000077D 4158                <1>  pop r8
  1295 0000077F 5E                  <1>  pop rsi
  1296 00000780 5F                  <1>  pop rdi
  1297 00000781 5A                  <1>  pop rdx
  1298 00000782 59                  <1>  pop rcx
  1299 00000783 5B                  <1>  pop rbx
  1300 00000784 58                  <1>  pop rax
  1301 00000785 5D                  <1>  pop rbp
  1302                              <1> 
  1303                              <1>  %if %4 != 0
  1304                              <1>  add rsp, 8
  1305                              <1>  %endif
  1306                              <1> 
  1307 00000786 48CF                <1>  iretq
  1308                                  MakeIntHandler IntHandler0x13, _DefaultHandler, 0x13, 0
  1309                              <1>  [extern %2]
  1310                              <1>  [global %1]
  1311                              <1>  %1:
  1312 00000788 55                  <1>  push rbp
  1313 00000789 50                  <1>  push rax
  1314 0000078A 53                  <1>  push rbx
  1315 0000078B 51                  <1>  push rcx
  1316 0000078C 52                  <1>  push rdx
  1317 0000078D 57                  <1>  push rdi
  1318 0000078E 56                  <1>  push rsi
  1319 0000078F 4150                <1>  push r8
  1320 00000791 4151                <1>  push r9
  1321 00000793 4152                <1>  push r10
  1322 00000795 4153                <1>  push r11
  1323 00000797 4154                <1>  push r12
  1324 00000799 4155                <1>  push r13
  1325 0000079B 4156                <1>  push r14
  1326 0000079D 4157                <1>  push r15
  1327                              <1> 
  1328 0000079F 668CD8              <1>  mov ax, ds
  1329 000007A2 6650                <1>  push ax
  1330 000007A4 668CC0              <1>  mov ax, es
  1331 000007A7 6650                <1>  push ax
  1332 000007A9 0FA0                <1>  push fs
  1333 000007AB 0FA8                <1>  push gs
  1334                              <1> 
  1335 000007AD 66B81000            <1>  mov ax, 2 * 8
  1336 000007B1 6689C2              <1>  mov dx, ax
  1337 000007B4 8EC0                <1>  mov es, ax
  1338 000007B6 8EE0                <1>  mov fs, ax
  1339 000007B8 8EE8                <1>  mov gs, ax
  1340                              <1> 
  1341 000007BA 4889E7              <1>  mov rdi, rsp
  1342 000007BD BE13000000          <1>  mov rsi, %3
  1343 000007C2 E8(00000000)        <1>  call %2
  1344                              <1> 
  1345 000007C7 0FA9                <1>  pop gs
  1346 000007C9 0FA1                <1>  pop fs
  1347 000007CB 6658                <1>  pop ax
  1348 000007CD 8EC0                <1>  mov es, ax
  1349 000007CF 6658                <1>  pop ax
  1350 000007D1 8ED8                <1>  mov ds, ax
  1351                              <1> 
  1352 000007D3 415F                <1>  pop r15
  1353 000007D5 415E                <1>  pop r14
  1354 000007D7 415D                <1>  pop r13
  1355 000007D9 415C                <1>  pop r12
  1356 000007DB 415B                <1>  pop r11
  1357 000007DD 415A                <1>  pop r10
  1358 000007DF 4159                <1>  pop r9
  1359 000007E1 4158                <1>  pop r8
  1360 000007E3 5E                  <1>  pop rsi
  1361 000007E4 5F                  <1>  pop rdi
  1362 000007E5 5A                  <1>  pop rdx
  1363 000007E6 59                  <1>  pop rcx
  1364 000007E7 5B                  <1>  pop rbx
  1365 000007E8 58                  <1>  pop rax
  1366 000007E9 5D                  <1>  pop rbp
  1367                              <1> 
  1368                              <1>  %if %4 != 0
  1369                              <1>  add rsp, 8
  1370                              <1>  %endif
  1371                              <1> 
  1372 000007EA 48CF                <1>  iretq
  1373                                  
  1374                                  ; default handler
  1375                                  MakeIntHandler DefaultHandler, _DefaultHandler, -1, 0
  1376                              <1>  [extern %2]
  1377                              <1>  [global %1]
  1378                              <1>  %1:
  1379 000007EC 55                  <1>  push rbp
  1380 000007ED 50                  <1>  push rax
  1381 000007EE 53                  <1>  push rbx
  1382 000007EF 51                  <1>  push rcx
  1383 000007F0 52                  <1>  push rdx
  1384 000007F1 57                  <1>  push rdi
  1385 000007F2 56                  <1>  push rsi
  1386 000007F3 4150                <1>  push r8
  1387 000007F5 4151                <1>  push r9
  1388 000007F7 4152                <1>  push r10
  1389 000007F9 4153                <1>  push r11
  1390 000007FB 4154                <1>  push r12
  1391 000007FD 4155                <1>  push r13
  1392 000007FF 4156                <1>  push r14
  1393 00000801 4157                <1>  push r15
  1394                              <1> 
  1395 00000803 668CD8              <1>  mov ax, ds
  1396 00000806 6650                <1>  push ax
  1397 00000808 668CC0              <1>  mov ax, es
  1398 0000080B 6650                <1>  push ax
  1399 0000080D 0FA0                <1>  push fs
  1400 0000080F 0FA8                <1>  push gs
  1401                              <1> 
  1402 00000811 66B81000            <1>  mov ax, 2 * 8
  1403 00000815 6689C2              <1>  mov dx, ax
  1404 00000818 8EC0                <1>  mov es, ax
  1405 0000081A 8EE0                <1>  mov fs, ax
  1406 0000081C 8EE8                <1>  mov gs, ax
  1407                              <1> 
  1408 0000081E 4889E7              <1>  mov rdi, rsp
  1409 00000821 48C7C6FFFFFFFF      <1>  mov rsi, %3
  1410 00000828 E8(00000000)        <1>  call %2
  1411                              <1> 
  1412 0000082D 0FA9                <1>  pop gs
  1413 0000082F 0FA1                <1>  pop fs
  1414 00000831 6658                <1>  pop ax
  1415 00000833 8EC0                <1>  mov es, ax
  1416 00000835 6658                <1>  pop ax
  1417 00000837 8ED8                <1>  mov ds, ax
  1418                              <1> 
  1419 00000839 415F                <1>  pop r15
  1420 0000083B 415E                <1>  pop r14
  1421 0000083D 415D                <1>  pop r13
  1422 0000083F 415C                <1>  pop r12
  1423 00000841 415B                <1>  pop r11
  1424 00000843 415A                <1>  pop r10
  1425 00000845 4159                <1>  pop r9
  1426 00000847 4158                <1>  pop r8
  1427 00000849 5E                  <1>  pop rsi
  1428 0000084A 5F                  <1>  pop rdi
  1429 0000084B 5A                  <1>  pop rdx
  1430 0000084C 59                  <1>  pop rcx
  1431 0000084D 5B                  <1>  pop rbx
  1432 0000084E 58                  <1>  pop rax
  1433 0000084F 5D                  <1>  pop rbp
  1434                              <1> 
  1435                              <1>  %if %4 != 0
  1436                              <1>  add rsp, 8
  1437                              <1>  %endif
  1438                              <1> 
  1439 00000850 48CF                <1>  iretq
